make --dry-run --keep-going --print-directory
make: Entering directory '/home/rs/Code/EMBEDDED/ARDUINO/arduino-qdgc'
"/home/rs/Code/ARDUINO/arduino-1.8.15/hardware/tools/avr/bin/avr-g++" -c -g -Os -Wall -ffunction-sections -fdata-sections -mmcu=atmega328p -DF_CPU=16000000L -MMD -DUSB_VID=null -DUSB_PID=null -DARDUINO=106 -fno-exceptions "-I/home/rs/Code/ARDUINO/arduino-1.8.15/hardware/arduino/cores/arduino" "-I/home/rs/Code/ARDUINO/arduino-1.8.15/hardware/arduino/variants/standard" src/main.cpp -o src/main.cpp.o
"/home/rs/Code/ARDUINO/arduino-1.8.15/hardware/tools/avr/bin/avr-gcc" -c -g -Os -Wall -ffunction-sections -fdata-sections -mmcu=atmega328p -DF_CPU=16000000L -MMD -DUSB_VID=null -DUSB_PID=null -DARDUINO=106 "-I/home/rs/Code/ARDUINO/arduino-1.8.15/hardware/arduino/cores/arduino" "-I/home/rs/Code/ARDUINO/arduino-1.8.15/hardware/arduino/variants/standard" "/home/rs/Code/ARDUINO/arduino-1.8.15/hardware/arduino/cores/arduino/"avr-libc/malloc.c -o malloc.c.o
 
"/home/rs/Code/ARDUINO/arduino-1.8.15/hardware/tools/avr/bin/avr-gcc" -c -g -Os -Wall -ffunction-sections -fdata-sections -mmcu=atmega328p -DF_CPU=16000000L -MMD -DUSB_VID=null -DUSB_PID=null -DARDUINO=106 "-I/home/rs/Code/ARDUINO/arduino-1.8.15/hardware/arduino/cores/arduino" "-I/home/rs/Code/ARDUINO/arduino-1.8.15/hardware/arduino/variants/standard" "/home/rs/Code/ARDUINO/arduino-1.8.15/hardware/arduino/cores/arduino/"avr-libc/realloc.c -o realloc.c.o
"/home/rs/Code/ARDUINO/arduino-1.8.15/hardware/tools/avr/bin/avr-gcc" -c -g -Os -Wall -ffunction-sections -fdata-sections -mmcu=atmega328p -DF_CPU=16000000L -MMD -DUSB_VID=null -DUSB_PID=null -DARDUINO=106 "-I/home/rs/Code/ARDUINO/arduino-1.8.15/hardware/arduino/cores/arduino" "-I/home/rs/Code/ARDUINO/arduino-1.8.15/hardware/arduino/variants/standard" "/home/rs/Code/ARDUINO/arduino-1.8.15/hardware/arduino/cores/arduino/"WInterrupts.c -o WInterrupts.c.o
"/home/rs/Code/ARDUINO/arduino-1.8.15/hardware/tools/avr/bin/avr-gcc" -c -g -Os -Wall -ffunction-sections -fdata-sections -mmcu=atmega328p -DF_CPU=16000000L -MMD -DUSB_VID=null -DUSB_PID=null -DARDUINO=106 "-I/home/rs/Code/ARDUINO/arduino-1.8.15/hardware/arduino/cores/arduino" "-I/home/rs/Code/ARDUINO/arduino-1.8.15/hardware/arduino/variants/standard" "/home/rs/Code/ARDUINO/arduino-1.8.15/hardware/arduino/cores/arduino/"wiring.c -o wiring.c.o
"/home/rs/Code/ARDUINO/arduino-1.8.15/hardware/tools/avr/bin/avr-gcc" -c -g -Os -Wall -ffunction-sections -fdata-sections -mmcu=atmega328p -DF_CPU=16000000L -MMD -DUSB_VID=null -DUSB_PID=null -DARDUINO=106 "-I/home/rs/Code/ARDUINO/arduino-1.8.15/hardware/arduino/cores/arduino" "-I/home/rs/Code/ARDUINO/arduino-1.8.15/hardware/arduino/variants/standard" "/home/rs/Code/ARDUINO/arduino-1.8.15/hardware/arduino/cores/arduino/"wiring_analog.c -o wiring_analog.c.o
"/home/rs/Code/ARDUINO/arduino-1.8.15/hardware/tools/avr/bin/avr-gcc" -c -g -Os -Wall -ffunction-sections -fdata-sections -mmcu=atmega328p -DF_CPU=16000000L -MMD -DUSB_VID=null -DUSB_PID=null -DARDUINO=106 "-I/home/rs/Code/ARDUINO/arduino-1.8.15/hardware/arduino/cores/arduino" "-I/home/rs/Code/ARDUINO/arduino-1.8.15/hardware/arduino/variants/standard" "/home/rs/Code/ARDUINO/arduino-1.8.15/hardware/arduino/cores/arduino/"wiring_digital.c -o wiring_digital.c.o
"/home/rs/Code/ARDUINO/arduino-1.8.15/hardware/tools/avr/bin/avr-gcc" -c -g -Os -Wall -ffunction-sections -fdata-sections -mmcu=atmega328p -DF_CPU=16000000L -MMD -DUSB_VID=null -DUSB_PID=null -DARDUINO=106 "-I/home/rs/Code/ARDUINO/arduino-1.8.15/hardware/arduino/cores/arduino" "-I/home/rs/Code/ARDUINO/arduino-1.8.15/hardware/arduino/variants/standard" "/home/rs/Code/ARDUINO/arduino-1.8.15/hardware/arduino/cores/arduino/"wiring_pulse.c -o wiring_pulse.c.o
"/home/rs/Code/ARDUINO/arduino-1.8.15/hardware/tools/avr/bin/avr-gcc" -c -g -Os -Wall -ffunction-sections -fdata-sections -mmcu=atmega328p -DF_CPU=16000000L -MMD -DUSB_VID=null -DUSB_PID=null -DARDUINO=106 "-I/home/rs/Code/ARDUINO/arduino-1.8.15/hardware/arduino/cores/arduino" "-I/home/rs/Code/ARDUINO/arduino-1.8.15/hardware/arduino/variants/standard" "/home/rs/Code/ARDUINO/arduino-1.8.15/hardware/arduino/cores/arduino/"wiring_shift.c -o wiring_shift.c.o
"/home/rs/Code/ARDUINO/arduino-1.8.15/hardware/tools/avr/bin/avr-g++" -c -g -Os -Wall -ffunction-sections -fdata-sections -mmcu=atmega328p -DF_CPU=16000000L -MMD -DUSB_VID=null -DUSB_PID=null -DARDUINO=106 -fno-exceptions "-I/home/rs/Code/ARDUINO/arduino-1.8.15/hardware/arduino/cores/arduino" "-I/home/rs/Code/ARDUINO/arduino-1.8.15/hardware/arduino/variants/standard" "/home/rs/Code/ARDUINO/arduino-1.8.15/hardware/arduino/cores/arduino/"CDC.cpp -o CDC.cpp.o
"/home/rs/Code/ARDUINO/arduino-1.8.15/hardware/tools/avr/bin/avr-g++" -c -g -Os -Wall -ffunction-sections -fdata-sections -mmcu=atmega328p -DF_CPU=16000000L -MMD -DUSB_VID=null -DUSB_PID=null -DARDUINO=106 -fno-exceptions "-I/home/rs/Code/ARDUINO/arduino-1.8.15/hardware/arduino/cores/arduino" "-I/home/rs/Code/ARDUINO/arduino-1.8.15/hardware/arduino/variants/standard" "/home/rs/Code/ARDUINO/arduino-1.8.15/hardware/arduino/cores/arduino/"HardwareSerial.cpp -o HardwareSerial.cpp.o
"/home/rs/Code/ARDUINO/arduino-1.8.15/hardware/tools/avr/bin/avr-g++" -c -g -Os -Wall -ffunction-sections -fdata-sections -mmcu=atmega328p -DF_CPU=16000000L -MMD -DUSB_VID=null -DUSB_PID=null -DARDUINO=106 -fno-exceptions "-I/home/rs/Code/ARDUINO/arduino-1.8.15/hardware/arduino/cores/arduino" "-I/home/rs/Code/ARDUINO/arduino-1.8.15/hardware/arduino/variants/standard" "/home/rs/Code/ARDUINO/arduino-1.8.15/hardware/arduino/cores/arduino/"HID.cpp -o HID.cpp.o
"/home/rs/Code/ARDUINO/arduino-1.8.15/hardware/tools/avr/bin/avr-g++" -c -g -Os -Wall -ffunction-sections -fdata-sections -mmcu=atmega328p -DF_CPU=16000000L -MMD -DUSB_VID=null -DUSB_PID=null -DARDUINO=106 -fno-exceptions "-I/home/rs/Code/ARDUINO/arduino-1.8.15/hardware/arduino/cores/arduino" "-I/home/rs/Code/ARDUINO/arduino-1.8.15/hardware/arduino/variants/standard" "/home/rs/Code/ARDUINO/arduino-1.8.15/hardware/arduino/cores/arduino/"IPAddress.cpp -o IPAddress.cpp.o
"/home/rs/Code/ARDUINO/arduino-1.8.15/hardware/tools/avr/bin/avr-g++" -c -g -Os -Wall -ffunction-sections -fdata-sections -mmcu=atmega328p -DF_CPU=16000000L -MMD -DUSB_VID=null -DUSB_PID=null -DARDUINO=106 -fno-exceptions "-I/home/rs/Code/ARDUINO/arduino-1.8.15/hardware/arduino/cores/arduino" "-I/home/rs/Code/ARDUINO/arduino-1.8.15/hardware/arduino/variants/standard" "/home/rs/Code/ARDUINO/arduino-1.8.15/hardware/arduino/cores/arduino/"main.cpp -o main.cpp.o
"/home/rs/Code/ARDUINO/arduino-1.8.15/hardware/tools/avr/bin/avr-g++" -c -g -Os -Wall -ffunction-sections -fdata-sections -mmcu=atmega328p -DF_CPU=16000000L -MMD -DUSB_VID=null -DUSB_PID=null -DARDUINO=106 -fno-exceptions "-I/home/rs/Code/ARDUINO/arduino-1.8.15/hardware/arduino/cores/arduino" "-I/home/rs/Code/ARDUINO/arduino-1.8.15/hardware/arduino/variants/standard" "/home/rs/Code/ARDUINO/arduino-1.8.15/hardware/arduino/cores/arduino/"new.cpp -o new.cpp.o
"/home/rs/Code/ARDUINO/arduino-1.8.15/hardware/tools/avr/bin/avr-g++" -c -g -Os -Wall -ffunction-sections -fdata-sections -mmcu=atmega328p -DF_CPU=16000000L -MMD -DUSB_VID=null -DUSB_PID=null -DARDUINO=106 -fno-exceptions "-I/home/rs/Code/ARDUINO/arduino-1.8.15/hardware/arduino/cores/arduino" "-I/home/rs/Code/ARDUINO/arduino-1.8.15/hardware/arduino/variants/standard" "/home/rs/Code/ARDUINO/arduino-1.8.15/hardware/arduino/cores/arduino/"Print.cpp -o Print.cpp.o
"/home/rs/Code/ARDUINO/arduino-1.8.15/hardware/tools/avr/bin/avr-g++" -c -g -Os -Wall -ffunction-sections -fdata-sections -mmcu=atmega328p -DF_CPU=16000000L -MMD -DUSB_VID=null -DUSB_PID=null -DARDUINO=106 -fno-exceptions "-I/home/rs/Code/ARDUINO/arduino-1.8.15/hardware/arduino/cores/arduino" "-I/home/rs/Code/ARDUINO/arduino-1.8.15/hardware/arduino/variants/standard" "/home/rs/Code/ARDUINO/arduino-1.8.15/hardware/arduino/cores/arduino/"Stream.cpp -o Stream.cpp.o
"/home/rs/Code/ARDUINO/arduino-1.8.15/hardware/tools/avr/bin/avr-g++" -c -g -Os -Wall -ffunction-sections -fdata-sections -mmcu=atmega328p -DF_CPU=16000000L -MMD -DUSB_VID=null -DUSB_PID=null -DARDUINO=106 -fno-exceptions "-I/home/rs/Code/ARDUINO/arduino-1.8.15/hardware/arduino/cores/arduino" "-I/home/rs/Code/ARDUINO/arduino-1.8.15/hardware/arduino/variants/standard" "/home/rs/Code/ARDUINO/arduino-1.8.15/hardware/arduino/cores/arduino/"Tone.cpp -o Tone.cpp.o
"/home/rs/Code/ARDUINO/arduino-1.8.15/hardware/tools/avr/bin/avr-g++" -c -g -Os -Wall -ffunction-sections -fdata-sections -mmcu=atmega328p -DF_CPU=16000000L -MMD -DUSB_VID=null -DUSB_PID=null -DARDUINO=106 -fno-exceptions "-I/home/rs/Code/ARDUINO/arduino-1.8.15/hardware/arduino/cores/arduino" "-I/home/rs/Code/ARDUINO/arduino-1.8.15/hardware/arduino/variants/standard" "/home/rs/Code/ARDUINO/arduino-1.8.15/hardware/arduino/cores/arduino/"USBCore.cpp -o USBCore.cpp.o
"/home/rs/Code/ARDUINO/arduino-1.8.15/hardware/tools/avr/bin/avr-g++" -c -g -Os -Wall -ffunction-sections -fdata-sections -mmcu=atmega328p -DF_CPU=16000000L -MMD -DUSB_VID=null -DUSB_PID=null -DARDUINO=106 -fno-exceptions "-I/home/rs/Code/ARDUINO/arduino-1.8.15/hardware/arduino/cores/arduino" "-I/home/rs/Code/ARDUINO/arduino-1.8.15/hardware/arduino/variants/standard" "/home/rs/Code/ARDUINO/arduino-1.8.15/hardware/arduino/cores/arduino/"WMath.cpp -o WMath.cpp.o
"/home/rs/Code/ARDUINO/arduino-1.8.15/hardware/tools/avr/bin/avr-g++" -c -g -Os -Wall -ffunction-sections -fdata-sections -mmcu=atmega328p -DF_CPU=16000000L -MMD -DUSB_VID=null -DUSB_PID=null -DARDUINO=106 -fno-exceptions "-I/home/rs/Code/ARDUINO/arduino-1.8.15/hardware/arduino/cores/arduino" "-I/home/rs/Code/ARDUINO/arduino-1.8.15/hardware/arduino/variants/standard" "/home/rs/Code/ARDUINO/arduino-1.8.15/hardware/arduino/cores/arduino/"WString.cpp -o WString.cpp.o
rm core.a
"/home/rs/Code/ARDUINO/arduino-1.8.15/hardware/tools/avr/bin/avr-ar" rcs core.a malloc.c.o
"/home/rs/Code/ARDUINO/arduino-1.8.15/hardware/tools/avr/bin/avr-ar" rcs core.a realloc.c.o
"/home/rs/Code/ARDUINO/arduino-1.8.15/hardware/tools/avr/bin/avr-ar" rcs core.a WInterrupts.c.o
"/home/rs/Code/ARDUINO/arduino-1.8.15/hardware/tools/avr/bin/avr-ar" rcs core.a wiring.c.o
"/home/rs/Code/ARDUINO/arduino-1.8.15/hardware/tools/avr/bin/avr-ar" rcs core.a wiring_analog.c.o
"/home/rs/Code/ARDUINO/arduino-1.8.15/hardware/tools/avr/bin/avr-ar" rcs core.a wiring_digital.c.o
"/home/rs/Code/ARDUINO/arduino-1.8.15/hardware/tools/avr/bin/avr-ar" rcs core.a wiring_pulse.c.o
"/home/rs/Code/ARDUINO/arduino-1.8.15/hardware/tools/avr/bin/avr-ar" rcs core.a wiring_shift.c.o
"/home/rs/Code/ARDUINO/arduino-1.8.15/hardware/tools/avr/bin/avr-ar" rcs core.a CDC.cpp.o
"/home/rs/Code/ARDUINO/arduino-1.8.15/hardware/tools/avr/bin/avr-ar" rcs core.a HardwareSerial.cpp.o
"/home/rs/Code/ARDUINO/arduino-1.8.15/hardware/tools/avr/bin/avr-ar" rcs core.a HID.cpp.o
"/home/rs/Code/ARDUINO/arduino-1.8.15/hardware/tools/avr/bin/avr-ar" rcs core.a IPAddress.cpp.o
"/home/rs/Code/ARDUINO/arduino-1.8.15/hardware/tools/avr/bin/avr-ar" rcs core.a main.cpp.o
"/home/rs/Code/ARDUINO/arduino-1.8.15/hardware/tools/avr/bin/avr-ar" rcs core.a new.cpp.o
 
"/home/rs/Code/ARDUINO/arduino-1.8.15/hardware/tools/avr/bin/avr-ar" rcs core.a Print.cpp.o
"/home/rs/Code/ARDUINO/arduino-1.8.15/hardware/tools/avr/bin/avr-ar" rcs core.a Stream.cpp.o
"/home/rs/Code/ARDUINO/arduino-1.8.15/hardware/tools/avr/bin/avr-ar" rcs core.a Tone.cpp.o
"/home/rs/Code/ARDUINO/arduino-1.8.15/hardware/tools/avr/bin/avr-ar" rcs core.a USBCore.cpp.o
"/home/rs/Code/ARDUINO/arduino-1.8.15/hardware/tools/avr/bin/avr-ar" rcs core.a WMath.cpp.o
"/home/rs/Code/ARDUINO/arduino-1.8.15/hardware/tools/avr/bin/avr-ar" rcs core.a WString.cpp.o
"/home/rs/Code/ARDUINO/arduino-1.8.15/hardware/tools/avr/bin/avr-gcc" -Os -Wl,--gc-sections -mmcu=atmega328p -o src/main.cpp.elf src/main.cpp.o core.a -lm
"/home/rs/Code/ARDUINO/arduino-1.8.15/hardware/tools/avr/bin/avr-objcopy" -O ihex -j .eeprom --set-section-flags=.eeprom=alloc,load --no-change-warnings --change-section-lma .eeprom=0 src/main.cpp.elf src/main.cpp.eep
"/home/rs/Code/ARDUINO/arduino-1.8.15/hardware/tools/avr/bin/avr-objcopy" -O ihex -R .eeprom src/main.cpp.elf src/main.cpp.hex
make: Leaving directory '/home/rs/Code/EMBEDDED/ARDUINO/arduino-qdgc'
 
